<!DOCTYPE html>
<html>
<head>
<meta http-equiv="Content-Type" content="text/html; charset=utf-8"/>
<meta http-equiv="x-ua-compatible" content="IE=edge"/>
<title>Test results - Class Login</title>
<link href="../css/base-style.css" rel="stylesheet" type="text/css"/>
<link href="../css/style.css" rel="stylesheet" type="text/css"/>
<script src="../js/report.js" type="text/javascript"></script>
</head>
<body>
<div id="content">
<h1>Class Login</h1>
<div class="breadcrumbs">
<a href="../index.html">all</a> &gt; 
<a href="../packages/default-package.html">default-package</a> &gt; Login</div>
<div id="summary">
<table>
<tr>
<td>
<div class="summaryGroup">
<table>
<tr>
<td>
<div class="infoBox" id="tests">
<div class="counter">2</div>
<p>tests</p>
</div>
</td>
<td>
<div class="infoBox" id="failures">
<div class="counter">2</div>
<p>failures</p>
</div>
</td>
<td>
<div class="infoBox" id="ignored">
<div class="counter">0</div>
<p>ignored</p>
</div>
</td>
<td>
<div class="infoBox" id="duration">
<div class="counter">1.988s</div>
<p>duration</p>
</div>
</td>
</tr>
</table>
</div>
</td>
<td>
<div class="infoBox failures" id="successRate">
<div class="percent">0%</div>
<p>successful</p>
</div>
</td>
</tr>
</table>
</div>
<div id="tabs">
<ul class="tabLinks">
<li>
<a href="#tab0">Failed tests</a>
</li>
<li>
<a href="#tab1">Tests</a>
</li>
<li>
<a href="#tab2">Standard output</a>
</li>
<li>
<a href="#tab3">Standard error</a>
</li>
</ul>
<div id="tab0" class="tab">
<h2>Failed tests</h2>
<div class="test">
<a name="Login using invalid email and password"></a>
<h3 class="failures">Login using invalid email and password</h3>
<span class="code">
<pre>org.openqa.selenium.SessionNotCreatedException: Could not start a new session. Response code 500. Message: Process unexpectedly closed with status 1 
Host info: host: 'fv-az1316-159', ip: '10.1.0.89'
Build info: version: '4.5.0', revision: 'fe167b119a'
System info: os.name: 'Linux', os.arch: 'amd64', os.version: '6.8.0-1021-azure', java.version: '23.0.2'
Driver info: org.openqa.selenium.firefox.FirefoxDriver
Command: [null, newSession {capabilities=[Capabilities {acceptInsecureCerts: true, browserName: firefox, moz:debuggerAddress: true, moz:firefoxOptions: {}}], desiredCapabilities=Capabilities {acceptInsecureCerts: true, browserName: firefox, moz:debuggerAddress: true, moz:firefoxOptions: {}}}]
	at app//org.openqa.selenium.remote.ProtocolHandshake.createSession(ProtocolHandshake.java:144)
	at app//org.openqa.selenium.remote.ProtocolHandshake.createSession(ProtocolHandshake.java:102)
	at app//org.openqa.selenium.remote.ProtocolHandshake.createSession(ProtocolHandshake.java:67)
	at app//org.openqa.selenium.remote.HttpCommandExecutor.execute(HttpCommandExecutor.java:156)
	at app//org.openqa.selenium.remote.service.DriverCommandExecutor.invokeExecute(DriverCommandExecutor.java:167)
	at app//org.openqa.selenium.remote.service.DriverCommandExecutor.execute(DriverCommandExecutor.java:142)
	at app//org.openqa.selenium.remote.RemoteWebDriver.execute(RemoteWebDriver.java:547)
	at app//org.openqa.selenium.remote.RemoteWebDriver.startSession(RemoteWebDriver.java:242)
	at app//org.openqa.selenium.remote.RemoteWebDriver.&lt;init&gt;(RemoteWebDriver.java:157)
	at app//org.openqa.selenium.firefox.FirefoxDriver.&lt;init&gt;(FirefoxDriver.java:110)
	at app//org.openqa.selenium.firefox.FirefoxDriver.&lt;init&gt;(FirefoxDriver.java:98)
	at app//com.angel.BaseTest.getDriver(BaseTest.java:19)
	at app//com.angel.stepdef.CucumberHooks.beforeTest(CucumberHooks.java:13)
</pre>
</span>
<span class="code">
<pre>java.lang.NullPointerException: Cannot invoke &quot;org.openqa.selenium.WebDriver.close()&quot; because &quot;com.angel.stepdef.CucumberHooks.driver&quot; is null
	at com.angel.stepdef.CucumberHooks.afterTest(CucumberHooks.java:18)
</pre>
</span>
</div>
<div class="test">
<a name="Login with valid username and password"></a>
<h3 class="failures">Login with valid username and password</h3>
<span class="code">
<pre>org.openqa.selenium.SessionNotCreatedException: Could not start a new session. Response code 500. Message: Process unexpectedly closed with status 1 
Host info: host: 'fv-az1316-159', ip: '10.1.0.89'
Build info: version: '4.5.0', revision: 'fe167b119a'
System info: os.name: 'Linux', os.arch: 'amd64', os.version: '6.8.0-1021-azure', java.version: '23.0.2'
Driver info: org.openqa.selenium.firefox.FirefoxDriver
Command: [null, newSession {capabilities=[Capabilities {acceptInsecureCerts: true, browserName: firefox, moz:debuggerAddress: true, moz:firefoxOptions: {}}], desiredCapabilities=Capabilities {acceptInsecureCerts: true, browserName: firefox, moz:debuggerAddress: true, moz:firefoxOptions: {}}}]
	at app//org.openqa.selenium.remote.ProtocolHandshake.createSession(ProtocolHandshake.java:144)
	at app//org.openqa.selenium.remote.ProtocolHandshake.createSession(ProtocolHandshake.java:102)
	at app//org.openqa.selenium.remote.ProtocolHandshake.createSession(ProtocolHandshake.java:67)
	at app//org.openqa.selenium.remote.HttpCommandExecutor.execute(HttpCommandExecutor.java:156)
	at app//org.openqa.selenium.remote.service.DriverCommandExecutor.invokeExecute(DriverCommandExecutor.java:167)
	at app//org.openqa.selenium.remote.service.DriverCommandExecutor.execute(DriverCommandExecutor.java:142)
	at app//org.openqa.selenium.remote.RemoteWebDriver.execute(RemoteWebDriver.java:547)
	at app//org.openqa.selenium.remote.RemoteWebDriver.startSession(RemoteWebDriver.java:242)
	at app//org.openqa.selenium.remote.RemoteWebDriver.&lt;init&gt;(RemoteWebDriver.java:157)
	at app//org.openqa.selenium.firefox.FirefoxDriver.&lt;init&gt;(FirefoxDriver.java:110)
	at app//org.openqa.selenium.firefox.FirefoxDriver.&lt;init&gt;(FirefoxDriver.java:98)
	at app//com.angel.BaseTest.getDriver(BaseTest.java:19)
	at app//com.angel.stepdef.CucumberHooks.beforeTest(CucumberHooks.java:13)
</pre>
</span>
<span class="code">
<pre>java.lang.NullPointerException: Cannot invoke &quot;org.openqa.selenium.WebDriver.close()&quot; because &quot;com.angel.stepdef.CucumberHooks.driver&quot; is null
	at com.angel.stepdef.CucumberHooks.afterTest(CucumberHooks.java:18)
</pre>
</span>
</div>
</div>
<div id="tab1" class="tab">
<h2>Tests</h2>
<table>
<thead>
<tr>
<th>Test</th>
<th>Duration</th>
<th>Result</th>
</tr>
</thead>
<tr>
<td class="failures">Login using invalid email and password</td>
<td class="failures">0.342s</td>
<td class="failures">failed</td>
</tr>
<tr>
<td class="failures">Login with valid username and password</td>
<td class="failures">1.646s</td>
<td class="failures">failed</td>
</tr>
</table>
</div>
<div id="tab2" class="tab">
<h2>Standard output</h2>
<span class="code">
<pre>
@login @valid-login
Scenario: Login with valid username and password ?[90m# src/test/resources/login.feature:5?[0m
      ?[31morg.openqa.selenium.SessionNotCreatedException: Could not start a new session. Response code 500. Message: Process unexpectedly closed with status 1 
Host info: host: 'fv-az1316-159', ip: '10.1.0.89'
Build info: version: '4.5.0', revision: 'fe167b119a'
System info: os.name: 'Linux', os.arch: 'amd64', os.version: '6.8.0-1021-azure', java.version: '23.0.2'
Driver info: org.openqa.selenium.firefox.FirefoxDriver
Command: [null, newSession {capabilities=[Capabilities {acceptInsecureCerts: true, browserName: firefox, moz:debuggerAddress: true, moz:firefoxOptions: {}}], desiredCapabilities=Capabilities {acceptInsecureCerts: true, browserName: firefox, moz:debuggerAddress: true, moz:firefoxOptions: {}}}]
	at org.openqa.selenium.remote.ProtocolHandshake.createSession(ProtocolHandshake.java:144)
	at org.openqa.selenium.remote.ProtocolHandshake.createSession(ProtocolHandshake.java:102)
	at org.openqa.selenium.remote.ProtocolHandshake.createSession(ProtocolHandshake.java:67)
	at org.openqa.selenium.remote.HttpCommandExecutor.execute(HttpCommandExecutor.java:156)
	at org.openqa.selenium.remote.service.DriverCommandExecutor.invokeExecute(DriverCommandExecutor.java:167)
	at org.openqa.selenium.remote.service.DriverCommandExecutor.execute(DriverCommandExecutor.java:142)
	at org.openqa.selenium.remote.RemoteWebDriver.execute(RemoteWebDriver.java:547)
	at org.openqa.selenium.remote.RemoteWebDriver.startSession(RemoteWebDriver.java:242)
	at org.openqa.selenium.remote.RemoteWebDriver.&lt;init&gt;(RemoteWebDriver.java:157)
	at org.openqa.selenium.firefox.FirefoxDriver.&lt;init&gt;(FirefoxDriver.java:110)
	at org.openqa.selenium.firefox.FirefoxDriver.&lt;init&gt;(FirefoxDriver.java:98)
	at com.angel.BaseTest.getDriver(BaseTest.java:19)
	at com.angel.stepdef.CucumberHooks.beforeTest(CucumberHooks.java:13)
?[0m
  ?[36mGiven ?[0m?[36muser is on login page?[0m                    ?[90m# com.angel.stepdef.LoginStepDef.userIsOnLoginPage()?[0m
  ?[36mAnd ?[0m?[36muser input username with ?[0m?[36m?[1m&quot;standard_user&quot;?[0m   ?[90m# com.angel.stepdef.LoginStepDef.userInputUsernameWith(java.lang.String)?[0m
  ?[36mAnd ?[0m?[36muser input password with ?[0m?[36m?[1m&quot;secret_sauce&quot;?[0m    ?[90m# com.angel.stepdef.LoginStepDef.userInputPasswordWith(java.lang.String)?[0m
  ?[36mWhen ?[0m?[36muser click login button?[0m                   ?[90m# com.angel.stepdef.LoginStepDef.userClickLoginButton()?[0m
  ?[36mThen ?[0m?[36muser is on homepage?[0m                       ?[90m# com.angel.stepdef.LoginStepDef.userIsOnHomepage()?[0m
      ?[31mjava.lang.NullPointerException: Cannot invoke &quot;org.openqa.selenium.WebDriver.close()&quot; because &quot;com.angel.stepdef.CucumberHooks.driver&quot; is null
	at com.angel.stepdef.CucumberHooks.afterTest(CucumberHooks.java:18)
?[0m

@login @invalid-login
Scenario: Login using invalid email and password                                                          ?[90m# src/test/resources/login.feature:13?[0m
      ?[31morg.openqa.selenium.SessionNotCreatedException: Could not start a new session. Response code 500. Message: Process unexpectedly closed with status 1 
Host info: host: 'fv-az1316-159', ip: '10.1.0.89'
Build info: version: '4.5.0', revision: 'fe167b119a'
System info: os.name: 'Linux', os.arch: 'amd64', os.version: '6.8.0-1021-azure', java.version: '23.0.2'
Driver info: org.openqa.selenium.firefox.FirefoxDriver
Command: [null, newSession {capabilities=[Capabilities {acceptInsecureCerts: true, browserName: firefox, moz:debuggerAddress: true, moz:firefoxOptions: {}}], desiredCapabilities=Capabilities {acceptInsecureCerts: true, browserName: firefox, moz:debuggerAddress: true, moz:firefoxOptions: {}}}]
	at org.openqa.selenium.remote.ProtocolHandshake.createSession(ProtocolHandshake.java:144)
	at org.openqa.selenium.remote.ProtocolHandshake.createSession(ProtocolHandshake.java:102)
	at org.openqa.selenium.remote.ProtocolHandshake.createSession(ProtocolHandshake.java:67)
	at org.openqa.selenium.remote.HttpCommandExecutor.execute(HttpCommandExecutor.java:156)
	at org.openqa.selenium.remote.service.DriverCommandExecutor.invokeExecute(DriverCommandExecutor.java:167)
	at org.openqa.selenium.remote.service.DriverCommandExecutor.execute(DriverCommandExecutor.java:142)
	at org.openqa.selenium.remote.RemoteWebDriver.execute(RemoteWebDriver.java:547)
	at org.openqa.selenium.remote.RemoteWebDriver.startSession(RemoteWebDriver.java:242)
	at org.openqa.selenium.remote.RemoteWebDriver.&lt;init&gt;(RemoteWebDriver.java:157)
	at org.openqa.selenium.firefox.FirefoxDriver.&lt;init&gt;(FirefoxDriver.java:110)
	at org.openqa.selenium.firefox.FirefoxDriver.&lt;init&gt;(FirefoxDriver.java:98)
	at com.angel.BaseTest.getDriver(BaseTest.java:19)
	at com.angel.stepdef.CucumberHooks.beforeTest(CucumberHooks.java:13)
?[0m
  ?[36mGiven ?[0m?[36muser is on login page?[0m                                                                             ?[90m# com.angel.stepdef.LoginStepDef.userIsOnLoginPage()?[0m
  ?[36mAnd ?[0m?[36muser input username with ?[0m?[36m?[1m&quot;standard_user&quot;?[0m                                                            ?[90m# com.angel.stepdef.LoginStepDef.userInputUsernameWith(java.lang.String)?[0m
  ?[36mAnd ?[0m?[36muser input password with ?[0m?[36m?[1m&quot;invalid&quot;?[0m                                                                  ?[90m# com.angel.stepdef.LoginStepDef.userInputPasswordWith(java.lang.String)?[0m
  ?[36mWhen ?[0m?[36muser click login button?[0m                                                                            ?[90m# com.angel.stepdef.LoginStepDef.userClickLoginButton()?[0m
  ?[36mThen ?[0m?[36muser see error message ?[0m?[36m?[1m&quot;Epic sadface: Username and password do not match any user in this service&quot;?[0m ?[90m# com.angel.stepdef.LoginStepDef.userAbleToSeeErrorMessage(java.lang.String)?[0m
      ?[31mjava.lang.NullPointerException: Cannot invoke &quot;org.openqa.selenium.WebDriver.close()&quot; because &quot;com.angel.stepdef.CucumberHooks.driver&quot; is null
	at com.angel.stepdef.CucumberHooks.afterTest(CucumberHooks.java:18)
?[0m
</pre>
</span>
</div>
<div id="tab3" class="tab">
<h2>Standard error</h2>
<span class="code">
<pre>SLF4J(W): No SLF4J providers were found.
SLF4J(W): Defaulting to no-operation (NOP) logger implementation
SLF4J(W): See https://www.slf4j.org/codes.html#noProviders for further details.
1740152350369	geckodriver	INFO	Listening on 127.0.0.1:51775
1740152350545	mozrunner::runner	INFO	Running command: MOZ_CRASHREPORTER=&quot;1&quot; MOZ_CRASHREPORTER_NO_REPORT=&quot;1&quot; MOZ_CRASHREPORTER_SHUTDOWN=&quot;1&quot; MOZ_NO_REMOTE=&quot;1&quot; &quot;/usr ... s&quot; &quot;http://127.0.0.1:46175/,http://localhost:46175/,http://[::1]:46175/&quot; &quot;-no-remote&quot; &quot;-profile&quot; &quot;/tmp/rust_mozprofiletU4H2j&quot;
Error: no DISPLAY environment variable specified
1740152350908	geckodriver	INFO	Listening on 127.0.0.1:43805
1740152350924	mozrunner::runner	INFO	Running command: MOZ_CRASHREPORTER=&quot;1&quot; MOZ_CRASHREPORTER_NO_REPORT=&quot;1&quot; MOZ_CRASHREPORTER_SHUTDOWN=&quot;1&quot; MOZ_NO_REMOTE=&quot;1&quot; &quot;/usr ... s&quot; &quot;http://127.0.0.1:51304/,http://localhost:51304/,http://[::1]:51304/&quot; &quot;-no-remote&quot; &quot;-profile&quot; &quot;/tmp/rust_mozprofilexyYge1&quot;
Error: no DISPLAY environment variable specified
</pre>
</span>
</div>
</div>
<div id="footer">
<p>
<div>
<label class="hidden" id="label-for-line-wrapping-toggle" for="line-wrapping-toggle">Wrap lines
<input id="line-wrapping-toggle" type="checkbox" autocomplete="off"/>
</label>
</div>Generated by 
<a href="http://www.gradle.org">Gradle 8.10</a> at Feb 21, 2025, 3:39:11â€¯PM</p>
</div>
</div>
</body>
</html>
